app/build/intermediates/manifest_merge_blame_file/googleRelease/manifest-merger-blame-google-release-report.txt
1<?xml version="1.0" encoding="utf-8"?>
2<manifest xmlns:android="http://schemas.android.com/apk/res/android"
3    package="org.traccar.movtrack"
4    android:versionCode="30"
5    android:versionName="2.19" >
6
7    <uses-sdk
8        android:minSdkVersion="19"
9        android:targetSdkVersion="31" />
10
11    <uses-permission android:name="android.permission.INTERNET" />
11-->src/main/AndroidManifest.xml:7:5-67
11-->src/main/AndroidManifest.xml:7:22-64
12    <uses-permission android:name="android.permission.ACCESS_COARSE_LOCATION" />
12-->src/main/AndroidManifest.xml:8:5-81
12-->src/main/AndroidManifest.xml:8:22-78
13    <uses-permission android:name="android.permission.ACCESS_FINE_LOCATION" />
13-->src/main/AndroidManifest.xml:9:5-79
13-->src/main/AndroidManifest.xml:9:22-76
14    <uses-permission android:name="android.permission.ACCESS_NETWORK_STATE" />
14-->[com.google.android.gms:play-services-measurement:20.0.2] AndroidManifest.xml:24:5-79
14-->[com.google.android.gms:play-services-measurement:20.0.2] AndroidManifest.xml:24:22-76
15    <uses-permission android:name="android.permission.WAKE_LOCK" />
15-->[com.google.android.gms:play-services-measurement:20.0.2] AndroidManifest.xml:25:5-68
15-->[com.google.android.gms:play-services-measurement:20.0.2] AndroidManifest.xml:25:22-65
16    <uses-permission android:name="com.google.android.finsky.permission.BIND_GET_INSTALL_REFERRER_SERVICE" /> <!-- Required by older versions of Google Play services to create IID tokens -->
16-->[com.google.android.gms:play-services-measurement:20.0.2] AndroidManifest.xml:26:5-110
16-->[com.google.android.gms:play-services-measurement:20.0.2] AndroidManifest.xml:26:22-107
17    <uses-permission android:name="com.google.android.c2dm.permission.RECEIVE" /> <!-- Include required permissions for Advertising Id -->
17-->[com.google.firebase:firebase-messaging:23.0.0] AndroidManifest.xml:25:5-82
17-->[com.google.firebase:firebase-messaging:23.0.0] AndroidManifest.xml:25:22-79
18    <uses-permission android:name="com.google.android.gms.permission.AD_ID" />
18-->[com.google.android.gms:play-services-ads-identifier:18.0.0] AndroidManifest.xml:23:5-79
18-->[com.google.android.gms:play-services-ads-identifier:18.0.0] AndroidManifest.xml:23:22-76
19
20    <application
20-->src/main/AndroidManifest.xml:11:5-29:19
21        android:name="org.traccar.movtrack.GoogleMainApplication"
21-->src/google/AndroidManifest.xml:8:9-46
22        android:allowBackup="true"
22-->src/main/AndroidManifest.xml:12:9-35
23        android:appComponentFactory="androidx.core.app.CoreComponentFactory"
23-->[androidx.core:core:1.7.0] AndroidManifest.xml:24:18-86
24        android:icon="@mipmap/ic_launcher"
24-->src/main/AndroidManifest.xml:13:9-43
25        android:label="@string/app_name"
25-->src/main/AndroidManifest.xml:14:9-41
26        android:networkSecurityConfig="@xml/network_security_config"
26-->src/main/AndroidManifest.xml:16:9-69
27        android:theme="@style/AppTheme" >
27-->src/main/AndroidManifest.xml:15:9-40
28        <meta-data
28-->src/google/AndroidManifest.xml:12:9-14:37
29            android:name="google_analytics_adid_collection_enabled"
29-->src/google/AndroidManifest.xml:13:13-68
30            android:value="false" />
30-->src/google/AndroidManifest.xml:14:13-34
31        <meta-data
31-->src/google/AndroidManifest.xml:16:9-18:63
32            android:name="com.google.firebase.messaging.default_notification_channel_id"
32-->src/google/AndroidManifest.xml:17:13-89
33            android:value="@string/notification_channel_id" />
33-->src/google/AndroidManifest.xml:18:13-60
34        <meta-data
34-->src/google/AndroidManifest.xml:20:9-22:59
35            android:name="com.google.firebase.messaging.default_notification_icon"
35-->src/google/AndroidManifest.xml:21:13-83
36            android:resource="@drawable/ic_stat_notify" />
36-->src/google/AndroidManifest.xml:22:13-56
37
38        <service
38-->src/google/AndroidManifest.xml:24:9-28:19
39            android:name="org.traccar.movtrack.ManagerMessagingService"
39-->src/google/AndroidManifest.xml:24:43-82
40            android:exported="false" >
40-->src/google/AndroidManifest.xml:24:18-42
41            <intent-filter>
41-->src/google/AndroidManifest.xml:25:13-27:29
42                <action android:name="com.google.firebase.MESSAGING_EVENT" />
42-->src/google/AndroidManifest.xml:26:17-78
42-->src/google/AndroidManifest.xml:26:25-75
43            </intent-filter>
44        </service>
45
46        <activity
46-->src/main/AndroidManifest.xml:19:9-27:20
47            android:name="org.traccar.movtrack.MainActivity"
47-->src/main/AndroidManifest.xml:20:13-41
48            android:configChanges="keyboardHidden|orientation|screenSize"
48-->src/main/AndroidManifest.xml:22:13-74
49            android:exported="true" >
49-->src/main/AndroidManifest.xml:21:13-36
50            <intent-filter>
50-->src/main/AndroidManifest.xml:23:13-26:29
51                <action android:name="android.intent.action.MAIN" />
51-->src/main/AndroidManifest.xml:24:17-69
51-->src/main/AndroidManifest.xml:24:25-66
52
53                <category android:name="android.intent.category.LAUNCHER" />
53-->src/main/AndroidManifest.xml:25:17-77
53-->src/main/AndroidManifest.xml:25:27-74
54            </intent-filter>
55        </activity>
56
57        <service
57-->[com.google.firebase:firebase-crashlytics:18.2.6] AndroidManifest.xml:15:9-21:19
58            android:name="com.google.firebase.components.ComponentDiscoveryService"
58-->[com.google.firebase:firebase-crashlytics:18.2.6] AndroidManifest.xml:16:13-84
59            android:directBootAware="true"
59-->[com.google.firebase:firebase-common:20.0.0] AndroidManifest.xml:35:13-43
60            android:exported="false" >
60-->[com.google.firebase:firebase-crashlytics:18.2.6] AndroidManifest.xml:17:13-37
61            <meta-data
61-->[com.google.firebase:firebase-crashlytics:18.2.6] AndroidManifest.xml:18:13-20:85
62                android:name="com.google.firebase.components:com.google.firebase.crashlytics.CrashlyticsRegistrar"
62-->[com.google.firebase:firebase-crashlytics:18.2.6] AndroidManifest.xml:19:17-115
63                android:value="com.google.firebase.components.ComponentRegistrar" />
63-->[com.google.firebase:firebase-crashlytics:18.2.6] AndroidManifest.xml:20:17-82
64            <meta-data
64-->[com.google.firebase:firebase-messaging:23.0.0] AndroidManifest.xml:52:13-54:85
65                android:name="com.google.firebase.components:com.google.firebase.messaging.FirebaseMessagingRegistrar"
65-->[com.google.firebase:firebase-messaging:23.0.0] AndroidManifest.xml:53:17-119
66                android:value="com.google.firebase.components.ComponentRegistrar" />
66-->[com.google.firebase:firebase-messaging:23.0.0] AndroidManifest.xml:54:17-82
67            <meta-data
67-->[com.google.firebase:firebase-datatransport:18.0.0] AndroidManifest.xml:28:13-30:85
68                android:name="com.google.firebase.components:com.google.firebase.datatransport.TransportRegistrar"
68-->[com.google.firebase:firebase-datatransport:18.0.0] AndroidManifest.xml:29:17-115
69                android:value="com.google.firebase.components.ComponentRegistrar" />
69-->[com.google.firebase:firebase-datatransport:18.0.0] AndroidManifest.xml:30:17-82
70            <meta-data
70-->[com.google.android.gms:play-services-measurement-api:20.0.2] AndroidManifest.xml:30:13-32:85
71                android:name="com.google.firebase.components:com.google.firebase.analytics.connector.internal.AnalyticsConnectorRegistrar"
71-->[com.google.android.gms:play-services-measurement-api:20.0.2] AndroidManifest.xml:31:17-139
72                android:value="com.google.firebase.components.ComponentRegistrar" />
72-->[com.google.android.gms:play-services-measurement-api:20.0.2] AndroidManifest.xml:32:17-82
73            <meta-data
73-->[com.google.firebase:firebase-installations:17.0.0] AndroidManifest.xml:18:13-20:85
74                android:name="com.google.firebase.components:com.google.firebase.installations.FirebaseInstallationsRegistrar"
74-->[com.google.firebase:firebase-installations:17.0.0] AndroidManifest.xml:19:17-127
75                android:value="com.google.firebase.components.ComponentRegistrar" />
75-->[com.google.firebase:firebase-installations:17.0.0] AndroidManifest.xml:20:17-82
76        </service>
77
78        <receiver
78-->[com.google.android.gms:play-services-measurement:20.0.2] AndroidManifest.xml:29:9-33:20
79            android:name="com.google.android.gms.measurement.AppMeasurementReceiver"
79-->[com.google.android.gms:play-services-measurement:20.0.2] AndroidManifest.xml:30:13-85
80            android:enabled="true"
80-->[com.google.android.gms:play-services-measurement:20.0.2] AndroidManifest.xml:31:13-35
81            android:exported="false" >
81-->[com.google.android.gms:play-services-measurement:20.0.2] AndroidManifest.xml:32:13-37
82        </receiver>
83
84        <service
84-->[com.google.android.gms:play-services-measurement:20.0.2] AndroidManifest.xml:35:9-38:40
85            android:name="com.google.android.gms.measurement.AppMeasurementService"
85-->[com.google.android.gms:play-services-measurement:20.0.2] AndroidManifest.xml:36:13-84
86            android:enabled="true"
86-->[com.google.android.gms:play-services-measurement:20.0.2] AndroidManifest.xml:37:13-35
87            android:exported="false" />
87-->[com.google.android.gms:play-services-measurement:20.0.2] AndroidManifest.xml:38:13-37
88        <service
88-->[com.google.android.gms:play-services-measurement:20.0.2] AndroidManifest.xml:39:9-43:72
89            android:name="com.google.android.gms.measurement.AppMeasurementJobService"
89-->[com.google.android.gms:play-services-measurement:20.0.2] AndroidManifest.xml:40:13-87
90            android:enabled="true"
90-->[com.google.android.gms:play-services-measurement:20.0.2] AndroidManifest.xml:41:13-35
91            android:exported="false"
91-->[com.google.android.gms:play-services-measurement:20.0.2] AndroidManifest.xml:42:13-37
92            android:permission="android.permission.BIND_JOB_SERVICE" />
92-->[com.google.android.gms:play-services-measurement:20.0.2] AndroidManifest.xml:43:13-69
93
94        <receiver
94-->[com.google.firebase:firebase-messaging:23.0.0] AndroidManifest.xml:28:9-35:20
95            android:name="com.google.firebase.iid.FirebaseInstanceIdReceiver"
95-->[com.google.firebase:firebase-messaging:23.0.0] AndroidManifest.xml:29:13-78
96            android:exported="true"
96-->[com.google.firebase:firebase-messaging:23.0.0] AndroidManifest.xml:30:13-36
97            android:permission="com.google.android.c2dm.permission.SEND" >
97-->[com.google.firebase:firebase-messaging:23.0.0] AndroidManifest.xml:31:13-73
98            <intent-filter>
98-->[com.google.firebase:firebase-messaging:23.0.0] AndroidManifest.xml:32:13-34:29
99                <action android:name="com.google.android.c2dm.intent.RECEIVE" />
99-->[com.google.firebase:firebase-messaging:23.0.0] AndroidManifest.xml:33:17-81
99-->[com.google.firebase:firebase-messaging:23.0.0] AndroidManifest.xml:33:25-78
100            </intent-filter>
101        </receiver>
102        <!--
103             FirebaseMessagingService performs security checks at runtime,
104             but set to not exported to explicitly avoid allowing another app to call it.
105        -->
106        <service
106-->[com.google.firebase:firebase-messaging:23.0.0] AndroidManifest.xml:41:9-48:19
107            android:name="com.google.firebase.messaging.FirebaseMessagingService"
107-->[com.google.firebase:firebase-messaging:23.0.0] AndroidManifest.xml:42:13-82
108            android:directBootAware="true"
108-->[com.google.firebase:firebase-messaging:23.0.0] AndroidManifest.xml:43:13-43
109            android:exported="false" >
109-->[com.google.firebase:firebase-messaging:23.0.0] AndroidManifest.xml:44:13-37
110            <intent-filter android:priority="-500" >
110-->src/google/AndroidManifest.xml:25:13-27:29
111                <action android:name="com.google.firebase.MESSAGING_EVENT" />
111-->src/google/AndroidManifest.xml:26:17-78
111-->src/google/AndroidManifest.xml:26:25-75
112            </intent-filter>
113        </service>
114        <service
114-->[com.google.android.datatransport:transport-backend-cct:3.1.0] AndroidManifest.xml:29:9-35:19
115            android:name="com.google.android.datatransport.runtime.backends.TransportBackendDiscovery"
115-->[com.google.android.datatransport:transport-backend-cct:3.1.0] AndroidManifest.xml:30:13-103
116            android:exported="false" >
116-->[com.google.android.datatransport:transport-backend-cct:3.1.0] AndroidManifest.xml:31:13-37
117            <meta-data
117-->[com.google.android.datatransport:transport-backend-cct:3.1.0] AndroidManifest.xml:32:13-34:39
118                android:name="backend:com.google.android.datatransport.cct.CctBackendFactory"
118-->[com.google.android.datatransport:transport-backend-cct:3.1.0] AndroidManifest.xml:33:17-94
119                android:value="cct" />
119-->[com.google.android.datatransport:transport-backend-cct:3.1.0] AndroidManifest.xml:34:17-36
120        </service>
121        <service
121-->[com.google.android.datatransport:transport-runtime:3.1.0] AndroidManifest.xml:26:9-30:19
122            android:name="com.google.android.datatransport.runtime.scheduling.jobscheduling.JobInfoSchedulerService"
122-->[com.google.android.datatransport:transport-runtime:3.1.0] AndroidManifest.xml:27:13-117
123            android:exported="false"
123-->[com.google.android.datatransport:transport-runtime:3.1.0] AndroidManifest.xml:28:13-37
124            android:permission="android.permission.BIND_JOB_SERVICE" >
124-->[com.google.android.datatransport:transport-runtime:3.1.0] AndroidManifest.xml:29:13-69
125        </service>
126
127        <receiver
127-->[com.google.android.datatransport:transport-runtime:3.1.0] AndroidManifest.xml:32:9-34:40
128            android:name="com.google.android.datatransport.runtime.scheduling.jobscheduling.AlarmManagerSchedulerBroadcastReceiver"
128-->[com.google.android.datatransport:transport-runtime:3.1.0] AndroidManifest.xml:33:13-132
129            android:exported="false" />
129-->[com.google.android.datatransport:transport-runtime:3.1.0] AndroidManifest.xml:34:13-37
130
131        <provider
131-->[com.google.firebase:firebase-common:20.0.0] AndroidManifest.xml:26:9-31:39
132            android:name="com.google.firebase.provider.FirebaseInitProvider"
132-->[com.google.firebase:firebase-common:20.0.0] AndroidManifest.xml:27:13-77
133            android:authorities="org.traccar.movtrack.firebaseinitprovider"
133-->[com.google.firebase:firebase-common:20.0.0] AndroidManifest.xml:28:13-72
134            android:directBootAware="true"
134-->[com.google.firebase:firebase-common:20.0.0] AndroidManifest.xml:29:13-43
135            android:exported="false"
135-->[com.google.firebase:firebase-common:20.0.0] AndroidManifest.xml:30:13-37
136            android:initOrder="100" />
136-->[com.google.firebase:firebase-common:20.0.0] AndroidManifest.xml:31:13-36
137
138        <meta-data
138-->[com.google.android.gms:play-services-basement:18.0.0] AndroidManifest.xml:21:9-23:69
139            android:name="com.google.android.gms.version"
139-->[com.google.android.gms:play-services-basement:18.0.0] AndroidManifest.xml:22:13-58
140            android:value="@integer/google_play_services_version" />
140-->[com.google.android.gms:play-services-basement:18.0.0] AndroidManifest.xml:23:13-66
141    </application>
142
143</manifest>